This is pdfTeX, Version 3.1415926-2.5-1.40.14 (TeX Live 2013/Debian) (format=pdflatex 2014.4.18)  25 JUN 2014 18:34
entering extended mode
 restricted \write18 enabled.
 %&-line parsing enabled.
**b4w_tmp.tex
(./b4w_tmp.tex
LaTeX2e <2011/06/27>
Babel <3.9h> and hyphenation patterns for 9 languages loaded.
(./sphinxmanual.cls
Document Class: sphinxmanual 2009/06/02 Document class (Sphinx manual)
(/usr/share/texlive/texmf-dist/tex/latex/base/report.cls
Document Class: report 2007/10/19 v1.4h Standard LaTeX document class
(/usr/share/texlive/texmf-dist/tex/latex/base/size12.clo
File: size12.clo 2007/10/19 v1.4h Standard LaTeX file (size option)
)
\c@part=\count79
\c@chapter=\count80
\c@section=\count81
\c@subsection=\count82
\c@subsubsection=\count83
\c@paragraph=\count84
\c@subparagraph=\count85
\c@figure=\count86
\c@table=\count87
\abovecaptionskip=\skip41
\belowcaptionskip=\skip42
\bibindent=\dimen102
))
(/usr/share/texlive/texmf-dist/tex/latex/base/inputenc.sty
Package: inputenc 2008/03/30 v1.1d Input encoding file
\inpenc@prehook=\toks14
\inpenc@posthook=\toks15

(/usr/share/texlive/texmf-dist/tex/latex/ucs/utf8x.def
File: utf8x.def 2004/10/17 UCS: Input encoding UTF-8
))
(/usr/share/texlive/texmf-dist/tex/latex/ucs/ucs.sty
Package: ucs 2013/05/11 v2.2 UCS: Unicode input support

(/usr/share/texlive/texmf-dist/tex/latex/ucs/data/uni-global.def
File: uni-global.def 2013/05/13 UCS: Unicode global data
)
\uc@secondtry=\count88
\uc@combtoks=\toks16
\uc@combtoksb=\toks17
\uc@temptokena=\toks18
)
(/usr/share/texlive/texmf-dist/tex/latex/cmap/cmap.sty
Package: cmap 2008/03/06 v1.0h CMap support: searchable PDF
)
(/usr/share/texlive/texmf-dist/tex/latex/base/fontenc.sty
Package: fontenc 2005/09/27 v1.99g Standard LaTeX package

(/usr/share/texlive/texmf-dist/tex/latex/base/t1enc.def
File: t1enc.def 2005/09/27 v1.99g Standard LaTeX file
LaTeX Font Info:    Redeclaring font encoding T1 on input line 43.
)<<t1.cmap>>)
(/usr/share/texlive/texmf-dist/tex/generic/babel/babel.sty
Package: babel 2013/12/03 3.9h The Babel package

(/usr/share/texlive/texmf-dist/tex/generic/babel-english/english.ldf
Language: english 2012/08/20 v3.3p English support from the babel system

(/usr/share/texlive/texmf-dist/tex/generic/babel/babel.def
File: babel.def 2013/12/03 3.9h Babel common definitions
\babel@savecnt=\count89
\U@D=\dimen103
)
\l@british = a dialect from \language\l@english 
\l@UKenglish = a dialect from \language\l@english 
\l@canadian = a dialect from \language\l@american 
\l@australian = a dialect from \language\l@british 
\l@newzealand = a dialect from \language\l@british 
))
(/usr/share/texlive/texmf-dist/tex/latex/psnfss/times.sty
Package: times 2005/04/12 PSNFSS-v9.2a (SPQR) 
) (./fncychap.sty
Package: fncychap 2007/07/30 v1.34 LaTeX package (Revised chapters)
\RW=\skip43
\mylen=\skip44
\myhi=\skip45
\px=\skip46
\py=\skip47
\pyy=\skip48
\pxx=\skip49
)
(/usr/share/texlive/texmf-dist/tex/latex/tools/longtable.sty
Package: longtable 2004/02/01 v4.11 Multi-page Table package (DPC)
\LTleft=\skip50
\LTright=\skip51
\LTpre=\skip52
\LTpost=\skip53
\LTchunksize=\count90
\LTcapwidth=\dimen104
\LT@head=\box26
\LT@firsthead=\box27
\LT@foot=\box28
\LT@lastfoot=\box29
\LT@cols=\count91
\LT@rows=\count92
\c@LT@tables=\count93
\c@LT@chunks=\count94
\LT@p@ftn=\toks19
) (./sphinx.sty
Package: sphinx 2010/01/15 LaTeX package (Sphinx markup)

(/usr/share/texlive/texmf-dist/tex/latex/fancyhdr/fancyhdr.sty
\fancy@headwidth=\skip54
\f@ncyO@elh=\skip55
\f@ncyO@erh=\skip56
\f@ncyO@olh=\skip57
\f@ncyO@orh=\skip58
\f@ncyO@elf=\skip59
\f@ncyO@erf=\skip60
\f@ncyO@olf=\skip61
\f@ncyO@orf=\skip62
)
(/usr/share/texlive/texmf-dist/tex/latex/base/textcomp.sty
Package: textcomp 2005/09/27 v1.99g Standard LaTeX package
Package textcomp Info: Sub-encoding information:
(textcomp)               5 = only ISO-Adobe without \textcurrency
(textcomp)               4 = 5 + \texteuro
(textcomp)               3 = 4 + \textohm
(textcomp)               2 = 3 + \textestimated + \textcurrency
(textcomp)               1 = TS1 - \textcircled - \t
(textcomp)               0 = TS1 (full)
(textcomp)             Font families with sub-encoding setting implement
(textcomp)             only a restricted character set as indicated.
(textcomp)             Family '?' is the default used for unknown fonts.
(textcomp)             See the documentation for details.
Package textcomp Info: Setting ? sub-encoding to TS1/1 on input line 71.

(/usr/share/texlive/texmf-dist/tex/latex/base/ts1enc.def
File: ts1enc.def 2001/06/05 v3.0e (jk/car/fm) Standard LaTeX file
)
LaTeX Info: Redefining \oldstylenums on input line 266.
Package textcomp Info: Setting cmr sub-encoding to TS1/0 on input line 281.
Package textcomp Info: Setting cmss sub-encoding to TS1/0 on input line 282.
Package textcomp Info: Setting cmtt sub-encoding to TS1/0 on input line 283.
Package textcomp Info: Setting cmvtt sub-encoding to TS1/0 on input line 284.
Package textcomp Info: Setting cmbr sub-encoding to TS1/0 on input line 285.
Package textcomp Info: Setting cmtl sub-encoding to TS1/0 on input line 286.
Package textcomp Info: Setting ccr sub-encoding to TS1/0 on input line 287.
Package textcomp Info: Setting ptm sub-encoding to TS1/4 on input line 288.
Package textcomp Info: Setting pcr sub-encoding to TS1/4 on input line 289.
Package textcomp Info: Setting phv sub-encoding to TS1/4 on input line 290.
Package textcomp Info: Setting ppl sub-encoding to TS1/3 on input line 291.
Package textcomp Info: Setting pag sub-encoding to TS1/4 on input line 292.
Package textcomp Info: Setting pbk sub-encoding to TS1/4 on input line 293.
Package textcomp Info: Setting pnc sub-encoding to TS1/4 on input line 294.
Package textcomp Info: Setting pzc sub-encoding to TS1/4 on input line 295.
Package textcomp Info: Setting bch sub-encoding to TS1/4 on input line 296.
Package textcomp Info: Setting put sub-encoding to TS1/5 on input line 297.
Package textcomp Info: Setting uag sub-encoding to TS1/5 on input line 298.
Package textcomp Info: Setting ugq sub-encoding to TS1/5 on input line 299.
Package textcomp Info: Setting ul8 sub-encoding to TS1/4 on input line 300.
Package textcomp Info: Setting ul9 sub-encoding to TS1/4 on input line 301.
Package textcomp Info: Setting augie sub-encoding to TS1/5 on input line 302.
Package textcomp Info: Setting dayrom sub-encoding to TS1/3 on input line 303.
Package textcomp Info: Setting dayroms sub-encoding to TS1/3 on input line 304.

Package textcomp Info: Setting pxr sub-encoding to TS1/0 on input line 305.
Package textcomp Info: Setting pxss sub-encoding to TS1/0 on input line 306.
Package textcomp Info: Setting pxtt sub-encoding to TS1/0 on input line 307.
Package textcomp Info: Setting txr sub-encoding to TS1/0 on input line 308.
Package textcomp Info: Setting txss sub-encoding to TS1/0 on input line 309.
Package textcomp Info: Setting txtt sub-encoding to TS1/0 on input line 310.
Package textcomp Info: Setting lmr sub-encoding to TS1/0 on input line 311.
Package textcomp Info: Setting lmdh sub-encoding to TS1/0 on input line 312.
Package textcomp Info: Setting lmss sub-encoding to TS1/0 on input line 313.
Package textcomp Info: Setting lmssq sub-encoding to TS1/0 on input line 314.
Package textcomp Info: Setting lmvtt sub-encoding to TS1/0 on input line 315.
Package textcomp Info: Setting qhv sub-encoding to TS1/0 on input line 316.
Package textcomp Info: Setting qag sub-encoding to TS1/0 on input line 317.
Package textcomp Info: Setting qbk sub-encoding to TS1/0 on input line 318.
Package textcomp Info: Setting qcr sub-encoding to TS1/0 on input line 319.
Package textcomp Info: Setting qcs sub-encoding to TS1/0 on input line 320.
Package textcomp Info: Setting qpl sub-encoding to TS1/0 on input line 321.
Package textcomp Info: Setting qtm sub-encoding to TS1/0 on input line 322.
Package textcomp Info: Setting qzc sub-encoding to TS1/0 on input line 323.
Package textcomp Info: Setting qhvc sub-encoding to TS1/0 on input line 324.
Package textcomp Info: Setting futs sub-encoding to TS1/4 on input line 325.
Package textcomp Info: Setting futx sub-encoding to TS1/4 on input line 326.
Package textcomp Info: Setting futj sub-encoding to TS1/4 on input line 327.
Package textcomp Info: Setting hlh sub-encoding to TS1/3 on input line 328.
Package textcomp Info: Setting hls sub-encoding to TS1/3 on input line 329.
Package textcomp Info: Setting hlst sub-encoding to TS1/3 on input line 330.
Package textcomp Info: Setting hlct sub-encoding to TS1/5 on input line 331.
Package textcomp Info: Setting hlx sub-encoding to TS1/5 on input line 332.
Package textcomp Info: Setting hlce sub-encoding to TS1/5 on input line 333.
Package textcomp Info: Setting hlcn sub-encoding to TS1/5 on input line 334.
Package textcomp Info: Setting hlcw sub-encoding to TS1/5 on input line 335.
Package textcomp Info: Setting hlcf sub-encoding to TS1/5 on input line 336.
Package textcomp Info: Setting pplx sub-encoding to TS1/3 on input line 337.
Package textcomp Info: Setting pplj sub-encoding to TS1/3 on input line 338.
Package textcomp Info: Setting ptmx sub-encoding to TS1/4 on input line 339.
Package textcomp Info: Setting ptmj sub-encoding to TS1/4 on input line 340.
)
(/usr/share/texlive/texmf-dist/tex/latex/fancybox/fancybox.sty
Package: fancybox 2010/05/15 1.4

Style option: `fancybox' v1.4 <2010/05/15> (tvz)
\@fancybox=\box30
\shadowsize=\dimen105
\@Sbox=\box31
\do@VerbBox=\toks20
\the@fancyput=\toks21
\this@fancyput=\toks22
\EndVerbatimTokens=\toks23
\Verbatim@Outfile=\write3
\Verbatim@Infile=\read1
) (/usr/share/texlive/texmf-dist/tex/latex/titlesec/titlesec.sty
Package: titlesec 2011/12/15 v2.10.0 Sectioning titles
\ttl@box=\box32
\beforetitleunit=\skip63
\aftertitleunit=\skip64
\ttl@plus=\dimen106
\ttl@minus=\dimen107
\ttl@toksa=\toks24
\titlewidth=\dimen108
\titlewidthlast=\dimen109
\titlewidthfirst=\dimen110
)
(./tabulary.sty
Package: tabulary 2008/12/01 v0.9 tabulary package (DPC)
 (/usr/share/texlive/texmf-dist/tex/latex/tools/array.sty
Package: array 2008/09/09 v2.4c Tabular extension package (FMi)
\col@sep=\dimen111
\extrarowheight=\dimen112
\NC@list=\toks25
\extratabsurround=\skip65
\backup@length=\skip66
)
\TY@count=\count95
\TY@linewidth=\dimen113
\tymin=\dimen114
\tymax=\dimen115
\TY@tablewidth=\dimen116
)
(/usr/share/texlive/texmf-dist/tex/latex/amsmath/amsmath.sty
Package: amsmath 2013/01/14 v2.14 AMS math features
\@mathmargin=\skip67

For additional information on amsmath, use the `?' option.
(/usr/share/texlive/texmf-dist/tex/latex/amsmath/amstext.sty
Package: amstext 2000/06/29 v2.01

(/usr/share/texlive/texmf-dist/tex/latex/amsmath/amsgen.sty
File: amsgen.sty 1999/11/30 v2.0
\@emptytoks=\toks26
\ex@=\dimen117
))
(/usr/share/texlive/texmf-dist/tex/latex/amsmath/amsbsy.sty
Package: amsbsy 1999/11/29 v1.2d
\pmbraise@=\dimen118
)
(/usr/share/texlive/texmf-dist/tex/latex/amsmath/amsopn.sty
Package: amsopn 1999/12/14 v2.01 operator names
)
\inf@bad=\count96
LaTeX Info: Redefining \frac on input line 210.
\uproot@=\count97
\leftroot@=\count98
LaTeX Info: Redefining \overline on input line 306.
\classnum@=\count99
\DOTSCASE@=\count100
LaTeX Info: Redefining \ldots on input line 378.
LaTeX Info: Redefining \dots on input line 381.
LaTeX Info: Redefining \cdots on input line 466.
\Mathstrutbox@=\box33
\strutbox@=\box34
\big@size=\dimen119
LaTeX Font Info:    Redeclaring font encoding OML on input line 566.
LaTeX Font Info:    Redeclaring font encoding OMS on input line 567.
\macc@depth=\count101
\c@MaxMatrixCols=\count102
\dotsspace@=\muskip10
\c@parentequation=\count103
\dspbrk@lvl=\count104
\tag@help=\toks27
\row@=\count105
\column@=\count106
\maxfields@=\count107
\andhelp@=\toks28
\eqnshift@=\dimen120
\alignsep@=\dimen121
\tagshift@=\dimen122
\tagwidth@=\dimen123
\totwidth@=\dimen124
\lineht@=\dimen125
\@envbody=\toks29
\multlinegap=\skip68
\multlinetaggap=\skip69
\mathdisplay@stack=\toks30
LaTeX Info: Redefining \[ on input line 2665.
LaTeX Info: Redefining \] on input line 2666.
)
(/usr/share/texlive/texmf-dist/tex/latex/base/makeidx.sty
Package: makeidx 2000/03/29 v1.0m Standard LaTeX package
)
(/usr/share/texlive/texmf-dist/tex/latex/framed/framed.sty
Package: framed 2011/10/22 v 0.96: framed or shaded text with page breaks
\OuterFrameSep=\skip70
\fb@frw=\dimen126
\fb@frh=\dimen127
\FrameRule=\dimen128
\FrameSep=\dimen129
)
(/usr/share/texlive/texmf-dist/tex/latex/base/ifthen.sty
Package: ifthen 2001/05/26 v1.1c Standard LaTeX ifthen package (DPC)
)
(/usr/share/texlive/texmf-dist/tex/latex/graphics/color.sty
Package: color 2005/11/14 v1.0j Standard LaTeX Color (DPC)

(/usr/share/texlive/texmf-dist/tex/latex/latexconfig/color.cfg
File: color.cfg 2007/01/18 v1.5 color configuration of teTeX/TeXLive
)
Package color Info: Driver file: pdftex.def on input line 130.

(/usr/share/texlive/texmf-dist/tex/latex/pdftex-def/pdftex.def
File: pdftex.def 2011/05/27 v0.06d Graphics/color for pdfTeX

(/usr/share/texlive/texmf-dist/tex/generic/oberdiek/infwarerr.sty
Package: infwarerr 2010/04/08 v1.3 Providing info/warning/error messages (HO)
)
(/usr/share/texlive/texmf-dist/tex/generic/oberdiek/ltxcmds.sty
Package: ltxcmds 2011/11/09 v1.22 LaTeX kernel commands for general use (HO)
)
\Gread@gobject=\count108
))
(/usr/share/texlive/texmf-dist/tex/latex/fancyvrb/fancyvrb.sty
Package: fancyvrb 2008/02/07

Style option: `fancyvrb' v2.7a, with DG/SPQR fixes, and firstline=lastline fix 
<2008/02/07> (tvz) (/usr/share/texlive/texmf-dist/tex/latex/graphics/keyval.sty
Package: keyval 1999/03/16 v1.13 key=value parser (DPC)
\KV@toks@=\toks31
)
\FV@CodeLineNo=\count109
\FV@InFile=\read2
\FV@TabBox=\box35
\c@FancyVerbLine=\count110
\FV@StepNumber=\count111
\FV@OutFile=\write4
) (/usr/share/texlive/texmf-dist/tex/latex/threeparttable/threeparttable.sty
Package: threeparttable 2003/06/13  v 3.0
\@tempboxb=\box36
)
(/usr/share/texlive/texmf-dist/tex/latex/mdwtools/footnote.sty
Package: footnote 1997/01/28 1.13 Save footnotes around boxes
\fn@notes=\box37
\fn@width=\dimen130
)
(/usr/share/texlive/texmf-dist/tex/latex/wrapfig/wrapfig.sty
\wrapoverhang=\dimen131
\WF@size=\dimen132
\c@WF@wrappedlines=\count112
\WF@box=\box38
\WF@everypar=\toks32
Package: wrapfig 2003/01/31  v 3.6
)
(/usr/share/texlive/texmf-dist/tex/latex/parskip/parskip.sty
Package: parskip 2001/04/09 non-zero parskip adjustments
)
(/usr/share/texlive/texmf-dist/tex/latex/base/alltt.sty
Package: alltt 1997/06/16 v2.0g defines alltt environment
)
(/usr/share/texlive/texmf-dist/tex/latex/graphics/graphicx.sty
Package: graphicx 1999/02/16 v1.0f Enhanced LaTeX Graphics (DPC,SPQR)

(/usr/share/texlive/texmf-dist/tex/latex/graphics/graphics.sty
Package: graphics 2009/02/05 v1.0o Standard LaTeX Graphics (DPC,SPQR)

(/usr/share/texlive/texmf-dist/tex/latex/graphics/trig.sty
Package: trig 1999/03/16 v1.09 sin cos tan (DPC)
)
(/usr/share/texlive/texmf-dist/tex/latex/latexconfig/graphics.cfg
File: graphics.cfg 2010/04/23 v1.9 graphics configuration of TeX Live
)
Package graphics Info: Driver file: pdftex.def on input line 91.
)
\Gin@req@height=\dimen133
\Gin@req@width=\dimen134
)
(/usr/share/texlive/texmf-dist/tex/plain/misc/pdfcolor.tex)
\distancetoright=\skip71
\py@argswidth=\skip72
\py@noticelength=\skip73
\lineblockindentation=\skip74
\image@box=\box39
\image@width=\dimen135

(/usr/share/texlive/texmf-dist/tex/latex/hyperref/hyperref.sty
Package: hyperref 2012/11/06 v6.83m Hypertext links for LaTeX

(/usr/share/texlive/texmf-dist/tex/generic/oberdiek/hobsub-hyperref.sty
Package: hobsub-hyperref 2012/05/28 v1.13 Bundle oberdiek, subset hyperref (HO)


(/usr/share/texlive/texmf-dist/tex/generic/oberdiek/hobsub-generic.sty
Package: hobsub-generic 2012/05/28 v1.13 Bundle oberdiek, subset generic (HO)
Package: hobsub 2012/05/28 v1.13 Construct package bundles (HO)
Package hobsub Info: Skipping package `infwarerr' (already loaded).
Package hobsub Info: Skipping package `ltxcmds' (already loaded).
Package: ifluatex 2010/03/01 v1.3 Provides the ifluatex switch (HO)
Package ifluatex Info: LuaTeX not detected.
Package: ifvtex 2010/03/01 v1.5 Detect VTeX and its facilities (HO)
Package ifvtex Info: VTeX not detected.
Package: intcalc 2007/09/27 v1.1 Expandable calculations with integers (HO)
Package: ifpdf 2011/01/30 v2.3 Provides the ifpdf switch (HO)
Package ifpdf Info: pdfTeX in PDF mode is detected.
Package: etexcmds 2011/02/16 v1.5 Avoid name clashes with e-TeX commands (HO)
Package etexcmds Info: Could not find \expanded.
(etexcmds)             That can mean that you are not using pdfTeX 1.50 or
(etexcmds)             that some package has redefined \expanded.
(etexcmds)             In the latter case, load this package earlier.
Package: kvsetkeys 2012/04/25 v1.16 Key value parser (HO)
Package: kvdefinekeys 2011/04/07 v1.3 Define keys (HO)
Package: pdftexcmds 2011/11/29 v0.20 Utility functions of pdfTeX for LuaTeX (HO
)
Package pdftexcmds Info: LuaTeX not detected.
Package pdftexcmds Info: \pdf@primitive is available.
Package pdftexcmds Info: \pdf@ifprimitive is available.
Package pdftexcmds Info: \pdfdraftmode found.
Package: pdfescape 2011/11/25 v1.13 Implements pdfTeX's escape features (HO)
Package: bigintcalc 2012/04/08 v1.3 Expandable calculations on big integers (HO
)
Package: bitset 2011/01/30 v1.1 Handle bit-vector datatype (HO)
Package: uniquecounter 2011/01/30 v1.2 Provide unlimited unique counter (HO)
)
Package hobsub Info: Skipping package `hobsub' (already loaded).
Package: letltxmacro 2010/09/02 v1.4 Let assignment for LaTeX macros (HO)
Package: hopatch 2012/05/28 v1.2 Wrapper for package hooks (HO)
Package: xcolor-patch 2011/01/30 xcolor patch
Package: atveryend 2011/06/30 v1.8 Hooks at the very end of document (HO)
Package atveryend Info: \enddocument detected (standard20110627).
Package: atbegshi 2011/10/05 v1.16 At begin shipout hook (HO)
Package: refcount 2011/10/16 v3.4 Data extraction from label references (HO)
Package: hycolor 2011/01/30 v1.7 Color options for hyperref/bookmark (HO)
)
(/usr/share/texlive/texmf-dist/tex/generic/ifxetex/ifxetex.sty
Package: ifxetex 2010/09/12 v0.6 Provides ifxetex conditional
)
(/usr/share/texlive/texmf-dist/tex/latex/oberdiek/auxhook.sty
Package: auxhook 2011/03/04 v1.3 Hooks for auxiliary files (HO)
)
(/usr/share/texlive/texmf-dist/tex/latex/oberdiek/kvoptions.sty
Package: kvoptions 2011/06/30 v3.11 Key value format for package options (HO)
)
\@linkdim=\dimen136
\Hy@linkcounter=\count113
\Hy@pagecounter=\count114

(/usr/share/texlive/texmf-dist/tex/latex/hyperref/pd1enc.def
File: pd1enc.def 2012/11/06 v6.83m Hyperref: PDFDocEncoding definition (HO)
)
\Hy@SavedSpaceFactor=\count115

(/usr/share/texlive/texmf-dist/tex/latex/latexconfig/hyperref.cfg
File: hyperref.cfg 2002/06/06 v1.2 hyperref configuration of TeXLive
)
Package hyperref Info: Option `colorlinks' set `true' on input line 4319.
Package hyperref Info: Option `breaklinks' set `true' on input line 4319.
Package hyperref Info: Hyper figures OFF on input line 4443.
Package hyperref Info: Link nesting OFF on input line 4448.
Package hyperref Info: Hyper index ON on input line 4451.
Package hyperref Info: Plain pages OFF on input line 4458.
Package hyperref Info: Backreferencing OFF on input line 4463.
Package hyperref Info: Implicit mode ON; LaTeX internals redefined.
Package hyperref Info: Bookmarks ON on input line 4688.
\c@Hy@tempcnt=\count116

(/usr/share/texlive/texmf-dist/tex/latex/url/url.sty
\Urlmuskip=\muskip11
Package: url 2013/09/16  ver 3.4  Verb mode for urls, etc.
)
LaTeX Info: Redefining \url on input line 5041.
\XeTeXLinkMargin=\dimen137
\Fld@menulength=\count117
\Field@Width=\dimen138
\Fld@charsize=\dimen139
Package hyperref Info: Hyper figures OFF on input line 6295.
Package hyperref Info: Link nesting OFF on input line 6300.
Package hyperref Info: Hyper index ON on input line 6303.
Package hyperref Info: backreferencing OFF on input line 6310.
Package hyperref Info: Link coloring ON on input line 6313.
Package hyperref Info: Link coloring with OCG OFF on input line 6320.
Package hyperref Info: PDF/A mode OFF on input line 6325.
LaTeX Info: Redefining \ref on input line 6365.
LaTeX Info: Redefining \pageref on input line 6369.
\Hy@abspage=\count118
\c@Item=\count119
\c@Hfootnote=\count120
)

Package hyperref Message: Driver (autodetected): hpdftex.

(/usr/share/texlive/texmf-dist/tex/latex/hyperref/hpdftex.def
File: hpdftex.def 2012/11/06 v6.83m Hyperref driver for pdfTeX
\Fld@listcount=\count121
\c@bookmark@seq@number=\count122

(/usr/share/texlive/texmf-dist/tex/latex/oberdiek/rerunfilecheck.sty
Package: rerunfilecheck 2011/04/15 v1.7 Rerun checks for auxiliary files (HO)
Package uniquecounter Info: New unique counter `rerunfilecheck' on input line 2
82.
)
\Hy@SectionHShift=\skip75
)
(/usr/share/texlive/texmf-dist/tex/latex/oberdiek/hypcap.sty
Package: hypcap 2011/02/16 v1.11 Adjusting the anchors of captions (HO)
)
\DUlineblockindent=\skip76
)
(/usr/share/texlive/texmf-dist/tex/latex/multirow/multirow.sty
\bigstrutjot=\dimen140
)
(/usr/share/texlive/texmf-dist/tex/latex/base/fontenc.sty
Package: fontenc 2005/09/27 v1.99g Standard LaTeX package

(/usr/share/texlive/texmf-dist/tex/latex/cyrillic/t2aenc.def
File: t2aenc.def 2005/09/27 v1.0i Cyrillic encoding definition file
)
LaTeX Font Info:    Try loading font information for T2A+cmr on input line 100.


(/usr/share/texlive/texmf-dist/tex/latex/cyrillic/t2acmr.fd
File: t2acmr.fd 2001/08/11 v1.0a Computer Modern Cyrillic font definitions
)<<t2a.cmap>>)
\@indexfile=\write5
\openout5 = `b4w_tmp.idx'.


Writing index file b4w_tmp.idx
(./b4w_tmp.aux)
\openout1 = `b4w_tmp.aux'.

LaTeX Font Info:    Checking defaults for OML/cmm/m/it on input line 117.
LaTeX Font Info:    ... okay on input line 117.
LaTeX Font Info:    Checking defaults for T1/cmr/m/n on input line 117.
LaTeX Font Info:    ... okay on input line 117.
LaTeX Font Info:    Checking defaults for OT1/cmr/m/n on input line 117.
LaTeX Font Info:    ... okay on input line 117.
LaTeX Font Info:    Checking defaults for OMS/cmsy/m/n on input line 117.
LaTeX Font Info:    ... okay on input line 117.
LaTeX Font Info:    Checking defaults for OMX/cmex/m/n on input line 117.
LaTeX Font Info:    ... okay on input line 117.
LaTeX Font Info:    Checking defaults for U/cmr/m/n on input line 117.
LaTeX Font Info:    ... okay on input line 117.
LaTeX Font Info:    Checking defaults for TS1/cmr/m/n on input line 117.
LaTeX Font Info:    Try loading font information for TS1+cmr on input line 117.

 (/usr/share/texlive/texmf-dist/tex/latex/base/ts1cmr.fd
File: ts1cmr.fd 1999/05/25 v2.5h Standard LaTeX font definitions
)
LaTeX Font Info:    ... okay on input line 117.
LaTeX Font Info:    Checking defaults for PD1/pdf/m/n on input line 117.
LaTeX Font Info:    ... okay on input line 117.
LaTeX Font Info:    Checking defaults for T2A/cmr/m/n on input line 117.
LaTeX Font Info:    ... okay on input line 117.
LaTeX Font Info:    Try loading font information for T2A+ptm on input line 117.

LaTeX Font Info:    No file T2Aptm.fd. on input line 117.


LaTeX Font Warning: Font shape `T2A/ptm/m/n' undefined
(Font)              using `T2A/cmr/m/n' instead on input line 117.

(/usr/share/texlive/texmf-dist/tex/latex/ucs/ucsencs.def
File: ucsencs.def 2011/01/21 Fixes to fontencodings LGR, T3
)
(/usr/share/texlive/texmf-dist/tex/context/base/supp-pdf.mkii
[Loading MPS to PDF converter (version 2006.09.02).]
\scratchcounter=\count123
\scratchdimen=\dimen141
\scratchbox=\box40
\nofMPsegments=\count124
\nofMParguments=\count125
\everyMPshowfont=\toks33
\MPscratchCnt=\count126
\MPscratchDim=\dimen142
\MPnumerator=\count127
\makeMPintoPDFobject=\count128
\everyMPtoPDFconversion=\toks34
) (/usr/share/texlive/texmf-dist/tex/latex/oberdiek/epstopdf-base.sty
Package: epstopdf-base 2010/02/09 v2.5 Base part for package epstopdf

(/usr/share/texlive/texmf-dist/tex/latex/oberdiek/grfext.sty
Package: grfext 2010/08/19 v1.1 Manage graphics extensions (HO)
)
Package grfext Info: Graphics extension search list:
(grfext)             [.png,.pdf,.jpg,.mps,.jpeg,.jbig2,.jb2,.PNG,.PDF,.JPG,.JPE
G,.JBIG2,.JB2,.eps]
(grfext)             \AppendGraphicsExtensions on input line 452.

(/usr/share/texlive/texmf-dist/tex/latex/latexconfig/epstopdf-sys.cfg
File: epstopdf-sys.cfg 2010/07/13 v1.3 Configuration of (r)epstopdf for TeX Liv
e
))
\AtBeginShipoutBox=\box41
Package hyperref Info: Link coloring ON on input line 117.

(/usr/share/texlive/texmf-dist/tex/latex/hyperref/nameref.sty
Package: nameref 2012/10/27 v2.43 Cross-referencing by name of section

(/usr/share/texlive/texmf-dist/tex/generic/oberdiek/gettitlestring.sty
Package: gettitlestring 2010/12/03 v1.4 Cleanup title references (HO)
)
\c@section@level=\count129
)
LaTeX Info: Redefining \ref on input line 117.
LaTeX Info: Redefining \pageref on input line 117.
LaTeX Info: Redefining \nameref on input line 117.

(./b4w_tmp.out) (./b4w_tmp.out)
\@outlinefile=\write6
\openout6 = `b4w_tmp.out'.


Underfull \hbox (badness 10000) in paragraph at lines 120--120

 []

LaTeX Font Info:    Try loading font information for T2A+phv on input line 120.

LaTeX Font Info:    No file T2Aphv.fd. on input line 120.

LaTeX Font Warning: Font shape `T2A/phv/m/n' undefined
(Font)              using `T2A/cmr/m/n' instead on input line 120.


LaTeX Font Warning: Font shape `T2A/phv/bx/n' undefined
(Font)              using `T2A/phv/m/n' instead on input line 120.


LaTeX Font Warning: Font shape `T2A/ptm/m/it' undefined
(Font)              using `T2A/ptm/m/n' instead on input line 120.


LaTeX Font Warning: Font shape `T2A/phv/m/it' undefined
(Font)              using `T2A/phv/m/n' instead on input line 120.


LaTeX Font Warning: Font shape `T2A/phv/bx/it' undefined
(Font)              using `T2A/phv/bx/n' instead on input line 120.

<<ot1.cmap>><<oml.cmap>><<oms.cmap>><<omx.cmap>> [1

{/var/lib/texmf/fonts/map/pdftex/updmap/pdftex.map}]

Package Fancyhdr Warning: \fancyfoot's `E' option without twoside option is use
less on input line 120.

(./b4w_tmp.toc

LaTeX Font Warning: Font shape `T2A/ptm/bx/n' undefined
(Font)              using `T2A/ptm/m/n' instead on input line 2.


Package Fancyhdr Warning: \fancyfoot's `E' option without twoside option is use
less on input line 36.

[1


] [2] [3] [4])
\tf@toc=\write7
\openout7 = `b4w_tmp.toc'.


Adding blank page after the table of contents.
[5] [6]

Package Fancyhdr Warning: \fancyfoot's `E' option without twoside option is use
less on input line 120.


Package Fancyhdr Warning: \fancyfoot's `E' option without twoside option is use
less on input line 120.


Package Fancyhdr Warning: \fancyhead's `E' option without twoside option is use
less on input line 120.

Chapter 1.
LaTeX Font Info:    Try loading font information for TS1+ptm on input line 155.

(/usr/share/texlive/texmf-dist/tex/latex/psnfss/ts1ptm.fd
File: ts1ptm.fd 2001/06/04 font definitions for TS1/ptm.
)

Package Fancyhdr Warning: \fancyfoot's `E' option without twoside option is use
less on input line 158.

[1


]

Package Fancyhdr Warning: \headheight is too small (12.0pt): 
 Make it at least 14.49998pt.
 We now make it that large for the rest of the document.
 This may cause the page layout to be inconsistent, however.

[2] [3] [4] [5]
Chapter 2.

Package Fancyhdr Warning: \fancyfoot's `E' option without twoside option is use
less on input line 456.

[6

] [7] [8] [9]
Chapter 3.
<blender_first_run.jpg, id=939, 803.0pt x 447.6725pt>
File: blender_first_run.jpg Graphic file (type jpg)

<use blender_first_run.jpg>
Package pdftex.def Info: blender_first_run.jpg used on input line 711.
(pdftex.def)             Requested size: 452.96788pt x 252.53241pt.
LaTeX Font Info:    Try loading font information for T2A+pcr on input line 717.

LaTeX Font Info:    No file T2Apcr.fd. on input line 717.


LaTeX Font Warning: Font shape `T2A/pcr/m/n' undefined
(Font)              using `T2A/cmr/m/n' instead on input line 717.


Package Fancyhdr Warning: \fancyfoot's `E' option without twoside option is use
less on input line 718.

[10

 <./blender_first_run.jpg>]
<user_preferences_install_b2w.jpg, id=946, 803.0pt x 481.8pt>
File: user_preferences_install_b2w.jpg Graphic file (type jpg)

<use user_preferences_install_b2w.jpg>
Package pdftex.def Info: user_preferences_install_b2w.jpg used on input line 71
9.
(pdftex.def)             Requested size: 452.96788pt x 271.78375pt.
 [11 <./user_preferences_install_b2w.jpg>] <user_preferences_disable_addon.jpg,
 id=952, 803.0pt x 501.875pt>
File: user_preferences_disable_addon.jpg Graphic file (type jpg)

<use user_preferences_disable_addon.jpg>
Package pdftex.def Info: user_preferences_disable_addon.jpg used on input line 
751.
(pdftex.def)             Requested size: 452.96788pt x 283.10808pt.
 [12 <./user_preferences_disable_addon.jpg>]
Chapter 4.
<browser_supports_webgl.jpg, id=962, 803.0pt x 501.875pt>
File: browser_supports_webgl.jpg Graphic file (type jpg)

<use browser_supports_webgl.jpg>
Package pdftex.def Info: browser_supports_webgl.jpg used on input line 777.
(pdftex.def)             Requested size: 452.96788pt x 283.10808pt.


Package Fancyhdr Warning: \fancyfoot's `E' option without twoside option is use
less on input line 780.

[13

] (/usr/share/texlive/texmf-dist/tex/latex/ucs/data/uni-4.def
File: uni-4.def 2013/05/13 UCS: Unicode data U+0400..U+04FF
)
<chrome_file_access.jpg, id=969, 585.00664pt x 395.58316pt>
File: chrome_file_access.jpg Graphic file (type jpg)

<use chrome_file_access.jpg>
Package pdftex.def Info: chrome_file_access.jpg used on input line 800.
(pdftex.def)             Requested size: 452.96788pt x 306.29613pt.
 [14 <./browser_supports_webgl.jpg>]
Underfull \hbox (badness 10000) in paragraph at lines 824--825
[]\T2A/pcr/m/n/12 Enter about:config to the browser's ad-dress bar, search for 
the se-cu-
 []

<firefox_strict_origin.jpg, id=974, 803.0pt x 179.67125pt>
File: firefox_strict_origin.jpg Graphic file (type jpg)

<use firefox_strict_origin.jpg>
Package pdftex.def Info: firefox_strict_origin.jpg used on input line 830.
(pdftex.def)             Requested size: 452.96788pt x 101.35268pt.
 [15 <./chrome_file_access.jpg>]
<default_page.jpg, id=980, 803.0pt x 533.995pt>
File: default_page.jpg Graphic file (type jpg)
 <use default_page.jpg>
Package pdftex.def Info: default_page.jpg used on input line 842.
(pdftex.def)             Requested size: 452.96788pt x 301.227pt.
 [16 <./firefox_strict_origin.jpg> <./default_page.jpg>]
<user_preferences_scripts_path.jpg, id=987, 803.0pt x 481.8pt>
File: user_preferences_scripts_path.jpg Graphic file (type jpg)

<use user_preferences_scripts_path.jpg>
Package pdftex.def Info: user_preferences_scripts_path.jpg used on input line 8
62.
(pdftex.def)             Requested size: 452.96788pt x 271.78375pt.

Underfull \hbox (badness 10000) in paragraph at lines 866--868
\T2A/pcr/m/n/12 Note:  In-stead of this it's pos-si-ble to copy the scripts di-
rec-tory
 []

<user_preferences_enable_addon.jpg, id=988, 803.0pt x 501.875pt>
File: user_preferences_enable_addon.jpg Graphic file (type jpg)

<use user_preferences_enable_addon.jpg>
Package pdftex.def Info: user_preferences_enable_addon.jpg used on input line 8
74.
(pdftex.def)             Requested size: 452.96788pt x 283.10808pt.
 [17 <./user_preferences_scripts_path.jpg>]
<user_preferences_enable_addon_HTML_option.jpg, id=994, 803.0pt x 501.875pt>
File: user_preferences_enable_addon_HTML_option.jpg Graphic file (type jpg)

<use user_preferences_enable_addon_HTML_option.jpg>
Package pdftex.def Info: user_preferences_enable_addon_HTML_option.jpg used on 
input line 893.
(pdftex.def)             Requested size: 452.96788pt x 283.10808pt.
 [18 <./user_preferences_enable_addon.jpg>] [19 <./user_preferences_enable_addo
n_HTML_option.jpg>]
Chapter 5.

Package Fancyhdr Warning: \fancyfoot's `E' option without twoside option is use
less on input line 948.

[20

] <error_message.jpg, id=1019, 803.0pt x 501.875pt>
File: error_message.jpg Graphic file (type jpg)
 <use error_message.jpg>
Package pdftex.def Info: error_message.jpg used on input line 959.
(pdftex.def)             Requested size: 452.96788pt x 283.10808pt.

[21 <./error_message.jpg>]

LaTeX Font Warning: Font shape `T2A/ptm/bx/it' undefined
(Font)              using `T2A/ptm/bx/n' instead on input line 970.

[22] <viewer_apple_scene.jpg, id=1031, 803.0pt x 501.875pt>
File: viewer_apple_scene.jpg Graphic file (type jpg)

<use viewer_apple_scene.jpg>
Package pdftex.def Info: viewer_apple_scene.jpg used on input line 1024.
(pdftex.def)             Requested size: 452.96788pt x 283.10808pt.
 [23 <./viewer_apple_scene.jpg>]
Chapter 6.
File: default_page.jpg Graphic file (type jpg)
<use default_page.jpg>
Package pdftex.def Info: default_page.jpg used on input line 1047.
(pdftex.def)             Requested size: 452.96788pt x 301.227pt.


Package Fancyhdr Warning: \fancyfoot's `E' option without twoside option is use
less on input line 1050.

[24

] [25] [26] <indicators.jpg, id=1055, 803.0pt x 297.11pt>
File: indicators.jpg Graphic file (type jpg)

<use indicators.jpg>
Package pdftex.def Info: indicators.jpg used on input line 1170.
(pdftex.def)             Requested size: 452.96788pt x 167.59998pt.
 [27 <./indicators.jpg>]
Chapter 7.
<init_error_message.jpg, id=1060, 803.0pt x 501.875pt>
File: init_error_message.jpg Graphic file (type jpg)

<use init_error_message.jpg>
Package pdftex.def Info: init_error_message.jpg used on input line 1181.
(pdftex.def)             Requested size: 452.96788pt x 283.10808pt.


Package Fancyhdr Warning: \fancyfoot's `E' option without twoside option is use
less on input line 1214.

[28

 <./init_error_message.jpg>]
File: error_message.jpg Graphic file (type jpg)
 <use error_message.jpg>
Package pdftex.def Info: error_message.jpg used on input line 1226.
(pdftex.def)             Requested size: 452.96788pt x 283.10808pt.
 [29] [30] [31] [32]
[33]
Chapter 8.
<object_setup.jpg, id=1086, 390.45876pt x 873.2625pt>
File: object_setup.jpg Graphic file (type jpg)
 <use object_setup.jpg>
Package pdftex.def Info: object_setup.jpg used on input line 1565.
(pdftex.def)             Requested size: 271.78348pt x 607.86841pt.


Package Fancyhdr Warning: \fancyfoot's `E' option without twoside option is use
less on input line 1580.

[34

] [35 <./object_setup.jpg>] [36]
<camera_limits.jpg, id=1104, 402.50375pt x 166.6225pt>
File: camera_limits.jpg Graphic file (type jpg)
 <use camera_limits.jpg>
Package pdftex.def Info: camera_limits.jpg used on input line 1686.
(pdftex.def)             Requested size: 362.37567pt x 150.0097pt.
File: camera_limits.jpg Graphic file (type jpg)

<use camera_limits.jpg>
Package pdftex.def Info: camera_limits.jpg used on input line 1686.
(pdftex.def)             Requested size: 362.37567pt x 150.0097pt.
 [37]
<distance_limits.png, id=1110, 281.05pt x 281.05pt>
File: distance_limits.png Graphic file (type png)
 <use distance_limits.png>
Package pdftex.def Info: distance_limits.png used on input line 1712.
(pdftex.def)             Requested size: 362.37567pt x 362.39732pt.
File: distance_limits.png Graphic file (type png)

<use distance_limits.png>
Package pdftex.def Info: distance_limits.png used on input line 1712.
(pdftex.def)             Requested size: 362.37567pt x 362.39732pt.
 [38 <./camera_limits.jpg> <./distance_limits.png>]
<horizontal_limits.png, id=1117, 529.98pt x 273.02pt>
File: horizontal_limits.png Graphic file (type png)

<use horizontal_limits.png>
Package pdftex.def Info: horizontal_limits.png used on input line 1731.
(pdftex.def)             Requested size: 362.37567pt x 186.68013pt.
File: horizontal_limits.png Graphic file (type png)
 <use horizontal_limits.png>
Package pdftex.def Info: horizontal_limits.png used on input line 1731.
(pdftex.def)             Requested size: 362.37567pt x 186.68013pt.

<vertical_limits.png, id=1118, 529.98pt x 273.02pt>
File: vertical_limits.png Graphic file (type png)
 <use vertical_limits.png>
Package pdftex.def Info: vertical_limits.png used on input line 1746.
(pdftex.def)             Requested size: 362.37567pt x 186.68013pt.
File: vertical_limits.png Graphic file (type png)

<use vertical_limits.png>
Package pdftex.def Info: vertical_limits.png used on input line 1746.
(pdftex.def)             Requested size: 362.37567pt x 186.68013pt.
 [39 <./horizontal_limits.png>]
<limits_inversion.png, id=1124, 529.98pt x 273.02pt>
File: limits_inversion.png Graphic file (type png)

<use limits_inversion.png>
Package pdftex.def Info: limits_inversion.png used on input line 1766.
(pdftex.def)             Requested size: 362.37567pt x 186.68013pt.
File: limits_inversion.png Graphic file (type png)
 <use limits_inversion.png>
Package pdftex.def Info: limits_inversion.png used on input line 1766.
(pdftex.def)             Requested size: 362.37567pt x 186.68013pt.

<camera_space_world_space_h.png, id=1125, 529.98pt x 273.02pt>
File: camera_space_world_space_h.png Graphic file (type png)

<use camera_space_world_space_h.png>
Package pdftex.def Info: camera_space_world_space_h.png used on input line 1794
.
(pdftex.def)             Requested size: 362.37567pt x 186.68013pt.
File: camera_space_world_space_h.png Graphic file (type png)
 <use camera_space_world_space_h.png>
Package pdftex.def Info: camera_space_world_space_h.png used on input line 1794
.
(pdftex.def)             Requested size: 362.37567pt x 186.68013pt.

<camera_space_world_space_v.png, id=1126, 529.98pt x 273.02pt>
File: camera_space_world_space_v.png Graphic file (type png)

<use camera_space_world_space_v.png>
Package pdftex.def Info: camera_space_world_space_v.png used on input line 1801
.
(pdftex.def)             Requested size: 362.37567pt x 186.68013pt.
File: camera_space_world_space_v.png Graphic file (type png)
 <use camera_space_world_space_v.png>
Package pdftex.def Info: camera_space_world_space_v.png used on input line 1801
.
(pdftex.def)             Requested size: 362.37567pt x 186.68013pt.

[40 <./vertical_limits.png> <./limits_inversion.png>] [41 <./camera_space_world
_space_h.png> <./camera_space_world_space_v.png>]
Chapter 9.

LaTeX Font Warning: Font shape `T2A/pcr/bx/n' undefined
(Font)              using `T2A/pcr/m/n' instead on input line 1819.


Package Fancyhdr Warning: \fancyfoot's `E' option without twoside option is use
less on input line 1889.

[42

] [43] [44] <parallax.jpg, id=1168, 803.0pt x 501.875pt>
File: parallax.jpg Graphic file (type jpg)
 <use parallax.jpg>
Package pdftex.def Info: parallax.jpg used on input line 2006.
(pdftex.def)             Requested size: 452.96788pt x 283.10808pt.

[45 <./parallax.jpg>] <alpha_map_water.jpg, id=1176, 803.0pt x 501.875pt>
File: alpha_map_water.jpg Graphic file (type jpg)

<use alpha_map_water.jpg>
Package pdftex.def Info: alpha_map_water.jpg used on input line 2034.
(pdftex.def)             Requested size: 452.96788pt x 283.10808pt.
 [46 <./alpha_map_water.jpg>]
<stencil_apple.jpg, id=1184, 803.0pt x 501.875pt>
File: stencil_apple.jpg Graphic file (type jpg)
 <use stencil_apple.jpg>
Package pdftex.def Info: stencil_apple.jpg used on input line 2072.
(pdftex.def)             Requested size: 452.96788pt x 283.10808pt.

[47] <stencil_apple_separate_textures.jpg, id=1195, 803.0pt x 501.875pt>
File: stencil_apple_separate_textures.jpg Graphic file (type jpg)

<use stencil_apple_separate_textures.jpg>
Package pdftex.def Info: stencil_apple_separate_textures.jpg used on input line
 2078.
(pdftex.def)             Requested size: 452.96788pt x 283.10808pt.
 [48 <./stencil_apple.jpg> <./stencil_apple_separate_textures.jpg>]
<environment_map.png, id=1201, 370.0224pt x 246.6816pt>
File: environment_map.png Graphic file (type png)

<use environment_map.png>
Package pdftex.def Info: environment_map.png used on input line 2094.
(pdftex.def)             Requested size: 452.96788pt x 301.99374pt.

<environment_map_baking_scene.jpg, id=1202, 385.44pt x 240.9pt>
File: environment_map_baking_scene.jpg Graphic file (type jpg)

<use environment_map_baking_scene.jpg>
Package pdftex.def Info: environment_map_baking_scene.jpg used on input line 21
21.
(pdftex.def)             Requested size: 452.96788pt x 283.1053pt.
 [49 <./environment_map.png>]
<environment_map_baking_ui.jpg, id=1215, 312.2064pt x 172.9662pt>
File: environment_map_baking_ui.jpg Graphic file (type jpg)

<use environment_map_baking_ui.jpg>
Package pdftex.def Info: environment_map_baking_ui.jpg used on input line 2127.

(pdftex.def)             Requested size: 452.96788pt x 250.96347pt.
 [50 <./environment_map_baking_scene.jpg> <./environment_map_baking_ui.jpg>] <s
kydome.jpg, id=1221, 803.0pt x 501.875pt>
File: skydome.jpg Graphic file (type jpg)

<use skydome.jpg>
Package pdftex.def Info: skydome.jpg used on input line 2172.
(pdftex.def)             Requested size: 452.96788pt x 283.10808pt.
 [51] <render_to_texture.jpg, id=1231, 803.0pt x 501.875pt>
File: render_to_texture.jpg Graphic file (type jpg)

<use render_to_texture.jpg>
Package pdftex.def Info: render_to_texture.jpg used on input line 2195.
(pdftex.def)             Requested size: 452.96788pt x 283.10808pt.
 [52 <./skydome.jpg>] [53 <./render_to_texture.jpg>]
Chapter 10.
<material_panel_shading.jpg, id=1245, 406.51875pt x 651.43375pt>
File: material_panel_shading.jpg Graphic file (type jpg)

<use material_panel_shading.jpg>
Package pdftex.def Info: material_panel_shading.jpg used on input line 2218.
(pdftex.def)             Requested size: 362.37567pt x 580.7185pt.
File: material_panel_shading.jpg Graphic file (type jpg)
 <use material_panel_shading.jpg>
Package pdftex.def Info: material_panel_shading.jpg used on input line 2218.
(pdftex.def)             Requested size: 362.37567pt x 580.7185pt.


Package Fancyhdr Warning: \fancyfoot's `E' option without twoside option is use
less on input line 2227.

[54

 <./material_panel_shading.jpg>] [55]
<alpha_types.jpg, id=1256, 803.0pt x 501.875pt>
File: alpha_types.jpg Graphic file (type jpg)
 <use alpha_types.jpg>
Package pdftex.def Info: alpha_types.jpg used on input line 2288.
(pdftex.def)             Requested size: 452.96788pt x 283.10808pt.
 [56 <./alpha_types.jpg>] [57]
(/usr/share/texlive/texmf-dist/tex/latex/ucs/data/uni-34.def
File: uni-34.def 2013/05/13 UCS: Unicode data U+2200..U+22FF
)
<reflection_dynamic_and_fresnel.jpg, id=1278, 803.0pt x 501.875pt>
File: reflection_dynamic_and_fresnel.jpg Graphic file (type jpg)

<use reflection_dynamic_and_fresnel.jpg>
Package pdftex.def Info: reflection_dynamic_and_fresnel.jpg used on input line 
2405.
(pdftex.def)             Requested size: 452.96788pt x 283.10808pt.
 [58] [59 <./reflection_dynamic_and_fresnel.jpg>] <halo.jpg, id=1292, 803.0pt x
 501.875pt>
File: halo.jpg Graphic file (type jpg)
 <use halo.jpg>
Package pdftex.def Info: halo.jpg used on input line 2461.
(pdftex.def)             Requested size: 452.96788pt x 283.10808pt.
 [60 <./halo.jpg>] [61]
Chapter 11.

Package Fancyhdr Warning: \fancyfoot's `E' option without twoside option is use
less on input line 2555.

[62

] [63] [64] [65]
Chapter 12.
<lighting_setup.jpg, id=1335, 803.0pt x 501.875pt>
File: lighting_setup.jpg Graphic file (type jpg)
 <use lighting_setup.jpg>
Package pdftex.def Info: lighting_setup.jpg used on input line 2704.
(pdftex.def)             Requested size: 452.96788pt x 283.10808pt.


Package Fancyhdr Warning: \fancyfoot's `E' option without twoside option is use
less on input line 2707.

[66

] (/usr/share/texlive/texmf-dist/tex/latex/ucs/data/uni-0.def
File: uni-0.def 2013/05/13 UCS: Unicode data U+0000..U+00FF
) [67 <./lighting_setup.jpg>] <lighting_environment.jpg, id=1347, 803.0pt x 501
.875pt>
File: lighting_environment.jpg Graphic file (type jpg)

<use lighting_environment.jpg>
Package pdftex.def Info: lighting_environment.jpg used on input line 2749.
(pdftex.def)             Requested size: 452.96788pt x 283.10808pt.
 [68 <./lighting_environment.jpg>]
<shadow_cascades.jpg, id=1354, 803.0pt x 501.875pt>
File: shadow_cascades.jpg Graphic file (type jpg)
 <use shadow_cascades.jpg>
Package pdftex.def Info: shadow_cascades.jpg used on input line 2800.
(pdftex.def)             Requested size: 452.96788pt x 283.10808pt.

[69] [70 <./shadow_cascades.jpg>] [71]
Chapter 13.
<motion_blur.jpg, id=1374, 803.0pt x 501.875pt>
File: motion_blur.jpg Graphic file (type jpg)
 <use motion_blur.jpg>
Package pdftex.def Info: motion_blur.jpg used on input line 2864.
(pdftex.def)             Requested size: 452.96788pt x 283.10808pt.


Package Fancyhdr Warning: \fancyfoot's `E' option without twoside option is use
less on input line 2867.

[72

] [73 <./motion_blur.jpg>] <dof.jpg, id=1389, 803.0pt x 501.875pt>
File: dof.jpg Graphic file (type jpg)

<use dof.jpg>
Package pdftex.def Info: dof.jpg used on input line 2911.
(pdftex.def)             Requested size: 452.96788pt x 283.10808pt.
 [74 <./dof.jpg>] <ssao.jpg, id=1396, 803.0pt x 752.8125pt>
File: ssao.jpg Graphic file (type jpg)

<use ssao.jpg>
Package pdftex.def Info: ssao.jpg used on input line 2959.
(pdftex.def)             Requested size: 452.96788pt x 424.66212pt.
 [75] [76 <./ssao.jpg>]
<god_rays.jpg, id=1407, 803.0pt x 501.875pt>
File: god_rays.jpg Graphic file (type jpg)
 <use god_rays.jpg>
Package pdftex.def Info: god_rays.jpg used on input line 2989.
(pdftex.def)             Requested size: 452.96788pt x 283.10808pt.
 [77 <./god_rays.jpg>] <bloom.jpg, id=1416, 803.0pt x 501.875pt>
File: bloom.jpg Graphic file (type jpg)
 <use bloom.jpg>
Package pdftex.def Info: bloom.jpg used on input line 3021.
(pdftex.def)             Requested size: 452.96788pt x 283.10808pt.
 [78 <./bloom.jpg>] <glow.jpg, id=1423, 803.0pt x 501.875pt>
File: glow.jpg Graphic file (type jpg)
 <use glow.jpg>
Package pdftex.def Info: glow.jpg used on input line 3066.
(pdftex.def)             Requested size: 452.96788pt x 283.10808pt.
 [79 <./glow.jpg>]
<anaglyph.jpg, id=1430, 803.0pt x 501.875pt>
File: anaglyph.jpg Graphic file (type jpg)
 <use anaglyph.jpg>
Package pdftex.def Info: anaglyph.jpg used on input line 3082.
(pdftex.def)             Requested size: 452.96788pt x 283.10808pt.

<color_correction.jpg, id=1431, 803.0pt x 501.875pt>
File: color_correction.jpg Graphic file (type jpg)

<use color_correction.jpg>
Package pdftex.def Info: color_correction.jpg used on input line 3116.
(pdftex.def)             Requested size: 452.96788pt x 283.10808pt.
 [80 <./anaglyph.jpg>]
<antialiasing.jpg, id=1439, 803.0pt x 501.875pt>
File: antialiasing.jpg Graphic file (type jpg)
 <use antialiasing.jpg>
Package pdftex.def Info: antialiasing.jpg used on input line 3149.
(pdftex.def)             Requested size: 452.96788pt x 283.10808pt.

[81 <./color_correction.jpg>] [82 <./antialiasing.jpg>]
Chapter 14.
<particles_smoke.jpg, id=1451, 803.0pt x 501.875pt>
File: particles_smoke.jpg Graphic file (type jpg)
 <use particles_smoke.jpg>
Package pdftex.def Info: particles_smoke.jpg used on input line 3161.
(pdftex.def)             Requested size: 452.96788pt x 283.10808pt.


Package Fancyhdr Warning: \fancyfoot's `E' option without twoside option is use
less on input line 3178.

[83

 <./particles_smoke.jpg>]
<particles_first_steps.jpg, id=1456, 803.0pt x 501.875pt>
File: particles_first_steps.jpg Graphic file (type jpg)

<use particles_first_steps.jpg>
Package pdftex.def Info: particles_first_steps.jpg used on input line 3215.
(pdftex.def)             Requested size: 452.96788pt x 283.10808pt.
 [84] [85 <./particles_first_steps.jpg>]
<particles_settings.jpg, id=1478, 803.0pt x 501.875pt>
File: particles_settings.jpg Graphic file (type jpg)

<use particles_settings.jpg>
Package pdftex.def Info: particles_settings.jpg used on input line 3265.
(pdftex.def)             Requested size: 452.96788pt x 283.10808pt.
 [86 <./particles_settings.jpg>]
<particles_settings2.jpg, id=1485, 803.0pt x 501.875pt>
File: particles_settings2.jpg Graphic file (type jpg)

<use particles_settings2.jpg>
Package pdftex.def Info: particles_settings2.jpg used on input line 3312.
(pdftex.def)             Requested size: 452.96788pt x 283.10808pt.
 [87 <./particles_settings2.jpg>] [88]
<particles_settings_ramp_color.jpg, id=1499, 803.0pt x 501.875pt>
File: particles_settings_ramp_color.jpg Graphic file (type jpg)

<use particles_settings_ramp_color.jpg>
Package pdftex.def Info: particles_settings_ramp_color.jpg used on input line 3
373.
(pdftex.def)             Requested size: 452.96788pt x 283.10808pt.

<particles_settings_ramp_size.jpg, id=1500, 803.0pt x 501.875pt>
File: particles_settings_ramp_size.jpg Graphic file (type jpg)

<use particles_settings_ramp_size.jpg>
Package pdftex.def Info: particles_settings_ramp_size.jpg used on input line 33
84.
(pdftex.def)             Requested size: 452.96788pt x 283.10808pt.
 [89 <./particles_settings_ramp_color.jpg>] <particles_gun.jpg, id=1506, 803.0p
t x 501.875pt>
File: particles_gun.jpg Graphic file (type jpg)
 <use particles_gun.jpg>
Package pdftex.def Info: particles_gun.jpg used on input line 3392.
(pdftex.def)             Requested size: 452.96788pt x 283.10808pt.

[90 <./particles_settings_ramp_size.jpg> <./particles_gun.jpg>]
Chapter 15.
<particles_instancing_example.jpg, id=1514, 803.0pt x 501.875pt>
File: particles_instancing_example.jpg Graphic file (type jpg)

<use particles_instancing_example.jpg>
Package pdftex.def Info: particles_instancing_example.jpg used on input line 34
02.
(pdftex.def)             Requested size: 452.96788pt x 283.10808pt.


Package Fancyhdr Warning: \fancyfoot's `E' option without twoside option is use
less on input line 3424.

[91

 <./particles_instancing_example.jpg>]
<particles_instancing_setup.jpg, id=1522, 803.0pt x 501.875pt>
File: particles_instancing_setup.jpg Graphic file (type jpg)

<use particles_instancing_setup.jpg>
Package pdftex.def Info: particles_instancing_setup.jpg used on input line 3430
.
(pdftex.def)             Requested size: 452.96788pt x 283.10808pt.

Overfull \hbox (376.12204pt too wide) in paragraph at lines 3448--3448
[]
 []


Underfull \hbox (badness 10000) in paragraph at lines 3448--3448

 []

[92 <./particles_instancing_setup.jpg>]
Overfull \hbox (688.88739pt too wide) in paragraph at lines 3462--3462
[]
 []


Underfull \hbox (badness 10000) in paragraph at lines 3462--3462

 []


Overfull \hbox (158.73488pt too wide) in paragraph at lines 3482--3482
[]
 []


Underfull \hbox (badness 10000) in paragraph at lines 3482--3482

 []


Overfull \hbox (201.80765pt too wide) in paragraph at lines 3505--3505
[]
 []


Underfull \hbox (badness 10000) in paragraph at lines 3505--3505

 []

[93] <dynamic_grass.jpg, id=1534, 803.0pt x 501.875pt>
File: dynamic_grass.jpg Graphic file (type jpg)
 <use dynamic_grass.jpg>
Package pdftex.def Info: dynamic_grass.jpg used on input line 3584.
(pdftex.def)             Requested size: 452.96788pt x 283.10808pt.

[94] <dynamic_grass_setup.jpg, id=1539, 803.0pt x 501.875pt>
File: dynamic_grass_setup.jpg Graphic file (type jpg)

<use dynamic_grass_setup.jpg>
Package pdftex.def Info: dynamic_grass_setup.jpg used on input line 3618.
(pdftex.def)             Requested size: 452.96788pt x 283.10808pt.
 [95 <./dynamic_grass.jpg>]
<tree_leaves.jpg, id=1547, 803.0pt x 501.875pt>
File: tree_leaves.jpg Graphic file (type jpg)
 <use tree_leaves.jpg>
Package pdftex.def Info: tree_leaves.jpg used on input line 3625.
(pdftex.def)             Requested size: 452.96788pt x 283.10808pt.
 [96 <./dynamic_grass_setup.jpg> <./tree_leaves.jpg>] [97]
<particle_settings.jpg, id=1562, 803.0pt x 635.37375pt>
File: particle_settings.jpg Graphic file (type jpg)

<use particle_settings.jpg>
Package pdftex.def Info: particle_settings.jpg used on input line 3691.
(pdftex.def)             Requested size: 452.96788pt x 358.41483pt.
 [98 <./particle_settings.jpg>]
Chapter 16.

Package Fancyhdr Warning: \fancyfoot's `E' option without twoside option is use
less on input line 3739.

[99

] <baker.png, id=1577, 803.0pt x 229.85875pt>
File: baker.png Graphic file (type png)
 <use baker.png>
Package pdftex.def Info: baker.png used on input line 3785.
(pdftex.def)             Requested size: 452.96788pt x 129.66348pt.
 [100 <./baker.png>] <vertex_anim_baker.jpg, id=1587, 803.0pt x 501.875pt>
File: vertex_anim_baker.jpg Graphic file (type jpg)

<use vertex_anim_baker.jpg>
Package pdftex.def Info: vertex_anim_baker.jpg used on input line 3817.
(pdftex.def)             Requested size: 452.96788pt x 283.10808pt.
 [101] [102 <./vertex_anim_baker.jpg>]
Chapter 17.
<water_material_setup.jpg, id=1597, 803.0pt x 501.875pt>
File: water_material_setup.jpg Graphic file (type jpg)

<use water_material_setup.jpg>
Package pdftex.def Info: water_material_setup.jpg used on input line 3845.
(pdftex.def)             Requested size: 452.96788pt x 283.10808pt.


Package Fancyhdr Warning: \fancyfoot's `E' option without twoside option is use
less on input line 3856.

[103

 <./water_material_setup.jpg>]
<water_texture_setup_normal.jpg, id=1605, 410.53375pt x 886.31125pt>
File: water_texture_setup_normal.jpg Graphic file (type jpg)

<use water_texture_setup_normal.jpg>
Package pdftex.def Info: water_texture_setup_normal.jpg used on input line 3865
.
(pdftex.def)             Requested size: 317.07613pt x 684.54446pt.

<water_reflection_dynamic.jpg, id=1607, 803.0pt x 501.875pt>
File: water_reflection_dynamic.jpg Graphic file (type jpg)

<use water_reflection_dynamic.jpg>
Package pdftex.def Info: water_reflection_dynamic.jpg used on input line 3878.
(pdftex.def)             Requested size: 452.96788pt x 283.10808pt.
 [104 <./water_reflection_dynamic.jpg>]
[105 <./water_texture_setup_normal.jpg>]
<water_refraction.jpg, id=1622, 803.0pt x 501.875pt>
File: water_refraction.jpg Graphic file (type jpg)

<use water_refraction.jpg>
Package pdftex.def Info: water_refraction.jpg used on input line 3917.
(pdftex.def)             Requested size: 452.96788pt x 283.10808pt.

<water_texture_setup_foam.jpg, id=1623, 353.32pt x 885.3075pt>
File: water_texture_setup_foam.jpg Graphic file (type jpg)

<use water_texture_setup_foam.jpg>
Package pdftex.def Info: water_texture_setup_foam.jpg used on input line 3929.
(pdftex.def)             Requested size: 362.37567pt x 908.01343pt.
File: water_texture_setup_foam.jpg Graphic file (type jpg)
 <use water_texture_setup_foam.jpg>
Package pdftex.def Info: water_texture_setup_foam.jpg used on input line 3929.
(pdftex.def)             Requested size: 362.37567pt x 908.01343pt.
 [106 <./water_refraction.jpg>] <water_caustics.jpg, id=1632, 803.0pt x 501.875
pt>
File: water_caustics.jpg Graphic file (type jpg)

<use water_caustics.jpg>
Package pdftex.def Info: water_caustics.jpg used on input line 3959.
(pdftex.def)             Requested size: 452.96788pt x 283.10808pt.

<water_texture_setup_caustics.jpg, id=1633, 370.38374pt x 839.135pt>
File: water_texture_setup_caustics.jpg Graphic file (type jpg)

<use water_texture_setup_caustics.jpg>
Package pdftex.def Info: water_texture_setup_caustics.jpg used on input line 39
66.
(pdftex.def)             Requested size: 362.37567pt x 821.00224pt.
File: water_texture_setup_caustics.jpg Graphic file (type jpg)
 <use water_texture_setup_caustics.jpg>
Package pdftex.def Info: water_texture_setup_caustics.jpg used on input line 39
66.
(pdftex.def)             Requested size: 362.37567pt x 821.00224pt.

[107 <./water_caustics.jpg>] [108 <./water_texture_setup_foam.jpg>]
<underwater.jpg, id=1648, 803.0pt x 501.875pt>
File: underwater.jpg Graphic file (type jpg)
 <use underwater.jpg>
Package pdftex.def Info: underwater.jpg used on input line 3983.
(pdftex.def)             Requested size: 452.96788pt x 283.10808pt.

<water_border.jpg, id=1650, 803.0pt x 501.875pt>
File: water_border.jpg Graphic file (type jpg)
 <use water_border.jpg>
Package pdftex.def Info: water_border.jpg used on input line 4003.
(pdftex.def)             Requested size: 452.96788pt x 283.10808pt.

[109 <./underwater.jpg>] [110 <./water_texture_setup_caustics.jpg>]
<water_waves.jpg, id=1663, 803.0pt x 501.875pt>
File: water_waves.jpg Graphic file (type jpg)
 <use water_waves.jpg>
Package pdftex.def Info: water_waves.jpg used on input line 4015.
(pdftex.def)             Requested size: 452.96788pt x 283.10808pt.
 [111 <./water_border.jpg> <./water_waves.jpg>] [112]
<skydome_procedural.jpg, id=1678, 803.0pt x 501.875pt>
File: skydome_procedural.jpg Graphic file (type jpg)

<use skydome_procedural.jpg>
Package pdftex.def Info: skydome_procedural.jpg used on input line 4093.
(pdftex.def)             Requested size: 452.96788pt x 283.10808pt.
 [113 <./skydome_procedural.jpg>]
<sunset.jpg, id=1685, 803.0pt x 501.875pt>
File: sunset.jpg Graphic file (type jpg)
 <use sunset.jpg>
Package pdftex.def Info: sunset.jpg used on input line 4155.
(pdftex.def)             Requested size: 452.96788pt x 283.10808pt.
 [114]
<stars.jpg, id=1694, 803.0pt x 501.875pt>
File: stars.jpg Graphic file (type jpg)
 <use stars.jpg>
Package pdftex.def Info: stars.jpg used on input line 4162.
(pdftex.def)             Requested size: 452.96788pt x 283.10808pt.
 [115 <./sunset.jpg> <./stars.jpg>] <wind_bending_setup.jpg, id=1704, 803.0pt x
 501.875pt>
File: wind_bending_setup.jpg Graphic file (type jpg)

<use wind_bending_setup.jpg>
Package pdftex.def Info: wind_bending_setup.jpg used on input line 4212.
(pdftex.def)             Requested size: 452.96788pt x 283.10808pt.
 [116] [117 <./wind_bending_setup.jpg>]
<wind_bending_vcolors.jpg, id=1718, 649.61798pt x 406.01123pt>
File: wind_bending_vcolors.jpg Graphic file (type jpg)

<use wind_bending_vcolors.jpg>
Package pdftex.def Info: wind_bending_vcolors.jpg used on input line 4246.
(pdftex.def)             Requested size: 452.96788pt x 283.10936pt.
 [118 <./wind_bending_vcolors.jpg>]
Chapter 18.
<gamma.jpg, id=1723, 803.0pt x 501.875pt>
File: gamma.jpg Graphic file (type jpg)
 <use gamma.jpg>
Package pdftex.def Info: gamma.jpg used on input line 4258.
(pdftex.def)             Requested size: 452.96788pt x 283.10808pt.


Package Fancyhdr Warning: \fancyfoot's `E' option without twoside option is use
less on input line 4265.

[119

 <./gamma.jpg>] [120] [121] [122]
Chapter 19.
<speaker.jpg, id=1749, 803.0pt x 501.875pt>
File: speaker.jpg Graphic file (type jpg)
 <use speaker.jpg>
Package pdftex.def Info: speaker.jpg used on input line 4438.
(pdftex.def)             Requested size: 452.96788pt x 283.10808pt.


Package Fancyhdr Warning: \fancyfoot's `E' option without twoside option is use
less on input line 4455.

[123

 <./speaker.jpg>] <speaker_settings.jpg, id=1754, 803.0pt x 962.59625pt>
File: speaker_settings.jpg Graphic file (type jpg)

<use speaker_settings.jpg>
Package pdftex.def Info: speaker_settings.jpg used on input line 4498.
(pdftex.def)             Requested size: 452.96788pt x 543.0013pt.
 [124] [125 <./speaker_settings.jpg>] [126]
Chapter 20.
<scene.jpg, id=1772, 552.0625pt x 526.96875pt>
File: scene.jpg Graphic file (type jpg)
 <use scene.jpg>
Package pdftex.def Info: scene.jpg used on input line 4559.
(pdftex.def)             Requested size: 452.96788pt x 432.39859pt.


Package Fancyhdr Warning: \fancyfoot's `E' option without twoside option is use
less on input line 4562.

[127

] <info_panel.jpg, id=1777, 803.0pt x 28.105pt>
File: info_panel.jpg Graphic file (type jpg)
 <use info_panel.jpg>
Package pdftex.def Info: info_panel.jpg used on input line 4567.
(pdftex.def)             Requested size: 452.96788pt x 15.85403pt.

<physics_panel_static.jpg, id=1778, 392.46625pt x 525.965pt>
File: physics_panel_static.jpg Graphic file (type jpg)

<use physics_panel_static.jpg>
Package pdftex.def Info: physics_panel_static.jpg used on input line 4580.
(pdftex.def)             Requested size: 362.37567pt x 485.66731pt.
 [128 <./scene.jpg> <./info_panel.jpg>]
<material_panel_physics.jpg, id=1783, 504.88625pt x 506.89375pt>
File: material_panel_physics.jpg Graphic file (type jpg)

<use material_panel_physics.jpg>
Package pdftex.def Info: material_panel_physics.jpg used on input line 4589.
(pdftex.def)             Requested size: 452.96788pt x 454.77701pt.
 [129 <./physics_panel_static.jpg>]
<physics_water_tower.jpg, id=1788, 803.0pt x 501.875pt>
File: physics_water_tower.jpg Graphic file (type jpg)

<use physics_water_tower.jpg>
Package pdftex.def Info: physics_water_tower.jpg used on input line 4599.
(pdftex.def)             Requested size: 452.96788pt x 283.10808pt.
 [130 <./material_panel_physics.jpg>]
<physics_dynamic.jpg, id=1793, 803.0pt x 501.875pt>
File: physics_dynamic.jpg Graphic file (type jpg)
 <use physics_dynamic.jpg>
Package pdftex.def Info: physics_dynamic.jpg used on input line 4612.
(pdftex.def)             Requested size: 452.96788pt x 283.10808pt.

[131 <./physics_water_tower.jpg>]
<physics_panel_dynamic.jpg, id=1799, 392.46625pt x 688.5725pt>
File: physics_panel_dynamic.jpg Graphic file (type jpg)

<use physics_panel_dynamic.jpg>
Package pdftex.def Info: physics_panel_dynamic.jpg used on input line 4626.
(pdftex.def)             Requested size: 362.37567pt x 635.81638pt.

<object.jpg, id=1800, 454.69875pt x 245.91875pt>
File: object.jpg Graphic file (type jpg)
 <use object.jpg>
Package pdftex.def Info: object.jpg used on input line 4637.
(pdftex.def)             Requested size: 362.37567pt x 195.98853pt.
 [132 <./physics_dynamic.jpg>] [133 <./physics_panel_dynamic.jpg>]
<physics_constraints.jpg, id=1810, 803.0pt x 690.58pt>
File: physics_constraints.jpg Graphic file (type jpg)

<use physics_constraints.jpg>
Package pdftex.def Info: physics_constraints.jpg used on input line 4653.
(pdftex.def)             Requested size: 452.96788pt x 389.55672pt.
 [134 <./object.jpg>]
<physics_constraints_panel.jpg, id=1815, 390.45876pt x 407.5225pt>
File: physics_constraints_panel.jpg Graphic file (type jpg)

<use physics_constraints_panel.jpg>
Package pdftex.def Info: physics_constraints_panel.jpg used on input line 4661.

(pdftex.def)             Requested size: 452.96788pt x 472.7824pt.
 [135 <./physics_constraints.jpg>]
<physics_vehicle_wheeled.jpg, id=1820, 803.0pt x 501.875pt>
File: physics_vehicle_wheeled.jpg Graphic file (type jpg)

<use physics_vehicle_wheeled.jpg>
Package pdftex.def Info: physics_vehicle_wheeled.jpg used on input line 4672.
(pdftex.def)             Requested size: 452.96788pt x 283.10808pt.
 [136 <./physics_constraints_panel.jpg>]
[137 <./physics_vehicle_wheeled.jpg>]
<physics_floater.jpg, id=1830, 803.0pt x 501.875pt>
File: physics_floater.jpg Graphic file (type jpg)
 <use physics_floater.jpg>
Package pdftex.def Info: physics_floater.jpg used on input line 4722.
(pdftex.def)             Requested size: 452.96788pt x 283.10808pt.

[138 <./physics_floater.jpg>] <physics_boat.jpg, id=1836, 803.0pt x 501.875pt>
File: physics_boat.jpg Graphic file (type jpg)

<use physics_boat.jpg>
Package pdftex.def Info: physics_boat.jpg used on input line 4749.
(pdftex.def)             Requested size: 452.96788pt x 283.10808pt.
 [139 <./physics_boat.jpg>] [140]
Chapter 21.
<nla_editor.jpg, id=1847, 803.0pt x 501.875pt>
File: nla_editor.jpg Graphic file (type jpg)
 <use nla_editor.jpg>
Package pdftex.def Info: nla_editor.jpg used on input line 4784.
(pdftex.def)             Requested size: 362.37567pt x 226.49258pt.
File: nla_editor.jpg Graphic file (type jpg)

<use nla_editor.jpg>
Package pdftex.def Info: nla_editor.jpg used on input line 4784.
(pdftex.def)             Requested size: 362.37567pt x 226.49258pt.


Package Fancyhdr Warning: \fancyfoot's `E' option without twoside option is use
less on input line 4820.

[141

 <./nla_editor.jpg>] [142]
Chapter 22.

LaTeX Font Warning: Font shape `T2A/pcr/m/it' undefined
(Font)              using `T2A/pcr/m/n' instead on input line 4842.


Package Fancyhdr Warning: \fancyfoot's `E' option without twoside option is use
less on input line 4877.

[143

] [144] [145] [146] <aircraft.jpg, id=1880, 803.0pt x 501.875pt>
File: aircraft.jpg Graphic file (type jpg)

<use aircraft.jpg>
Package pdftex.def Info: aircraft.jpg used on input line 5057.
(pdftex.def)             Requested size: 452.96788pt x 283.10808pt.
 [147 <./aircraft.jpg>] [148]
Underfull \hbox (badness 10000) in paragraph at lines 5134--5136
[]\T2A/pcr/bx/n/12 CT_LEVEL,
 []

[149] [150] [151] <quality.jpg, id=1905, 782.925pt x 501.875pt>
File: quality.jpg Graphic file (type jpg)

<use quality.jpg>
Package pdftex.def Info: quality.jpg used on input line 5366.
(pdftex.def)             Requested size: 452.96788pt x 290.36784pt.
 [152] [153 <./quality.jpg>]
Chapter 23.

Package Fancyhdr Warning: \fancyfoot's `E' option without twoside option is use
less on input line 5440.

[154

] [155] [156] [157] [158] [159] [160] [161]
Chapter 24.

Package Fancyhdr Warning: \fancyfoot's `E' option without twoside option is use
less on input line 5984.

[162

]
Underfull \hbox (badness 10000) in paragraph at lines 6022--6023
[]\T2A/pcr/bx/n/12 Possible re-sult of git sta-tus if there are changes. For ex
-am-ple the
 []


Underfull \hbox (badness 10000) in paragraph at lines 6022--6023
\T2A/pcr/bx/n/12 apps_dev/firstperson/firstperson.js and doc_src/git_short_manu
al.rst files are
 []

[163] [164]
Overfull \vbox (1.07924pt too high) detected at line 6152
 []

[165] [166] [167] [168] [169] [170] [171] [172]
Chapter 25.
<about_gpu_directx.jpg, id=2040, 608.58948pt x 199.31305pt>
File: about_gpu_directx.jpg Graphic file (type jpg)

<use about_gpu_directx.jpg>
Package pdftex.def Info: about_gpu_directx.jpg used on input line 6548.
(pdftex.def)             Requested size: 452.96788pt x 148.35306pt.


Package Fancyhdr Warning: \fancyfoot's `E' option without twoside option is use
less on input line 6551.

[173

] <dxdiag.jpg, id=2048, 456.44211pt x 299.73032pt>
File: dxdiag.jpg Graphic file (type jpg)
 <use dxdiag.jpg>
Package pdftex.def Info: dxdiag.jpg used on input line 6560.
(pdftex.def)             Requested size: 452.96788pt x 297.44739pt.

[174 <./about_gpu_directx.jpg> <./dxdiag.jpg>]
<about_flags_force_webgl.jpg, id=2057, 803.0pt x 501.875pt>
File: about_flags_force_webgl.jpg Graphic file (type jpg)

<use about_flags_force_webgl.jpg>
Package pdftex.def Info: about_flags_force_webgl.jpg used on input line 6582.
(pdftex.def)             Requested size: 452.96788pt x 283.10808pt.

<about_config_force_webgl.jpg, id=2058, 803.0pt x 501.875pt>
File: about_config_force_webgl.jpg Graphic file (type jpg)

<use about_config_force_webgl.jpg>
Package pdftex.def Info: about_config_force_webgl.jpg used on input line 6592.
(pdftex.def)             Requested size: 452.96788pt x 283.10808pt.
 [175 <./about_flags_force_webgl.jpg>]
[176 <./about_config_force_webgl.jpg>] (./b4w_tmp.ind [177]

Package Fancyhdr Warning: \fancyfoot's `E' option without twoside option is use
less on input line 92.

[178


] [179])
Package atveryend Info: Empty hook `BeforeClearDocument' on input line 6654.
Package atveryend Info: Empty hook `AfterLastShipout' on input line 6654.
 (./b4w_tmp.aux)
Package atveryend Info: Executing hook `AtVeryEndDocument' on input line 6654.
Package atveryend Info: Executing hook `AtEndAfterFileList' on input line 6654.

Package rerunfilecheck Info: File `b4w_tmp.out' has not changed.
(rerunfilecheck)             Checksum: 5FEC3F5848F75FCEF0F372A3BDBF56C6;10320.


LaTeX Font Warning: Some font shapes were not available, defaults substituted.

Package atveryend Info: Empty hook `AtVeryVeryEnd' on input line 6654.
 ) 
Here is how much of TeX's memory you used:
 12883 strings out of 494515
 182527 string characters out of 6173718
 275455 words of memory out of 5000000
 15132 multiletter control sequences out of 15000+600000
 18151 words of font info for 46 fonts, out of 8000000 for 9000
 431 hyphenation exceptions out of 8191
 36i,12n,49p,646b,596s stack positions out of 5000i,500n,10000p,200000b,80000s
 </home/al/.texmf-var/fonts/pk/ljfour/lh/lh-t2a/larm0800.600pk> </home/al/.te
xmf-var/fonts/pk/ljfour/lh/lh-t2a/larm1095.600pk>{/usr/share/texlive/texmf-dist
/fonts/enc/dvips/base/8r.enc} </home/al/.texmf-var/fonts/pk/ljfour/lh/lh-t2a/la
rm1728.600pk> </home/al/.texmf-var/fonts/pk/ljfour/lh/lh-t2a/larm1200.600pk> </
home/al/.texmf-var/fonts/pk/ljfour/lh/lh-t2a/larm1440.600pk> </home/al/.texmf-v
ar/fonts/pk/ljfour/lh/lh-t2a/larm2074.600pk> </home/al/.texmf-var/fonts/pk/ljfo
ur/lh/lh-t2a/larm2488.600pk></usr/share/texlive/texmf-dist/fonts/type1/public/a
msfonts/cm/cmmi12.pfb></usr/share/texlive/texmf-dist/fonts/type1/public/amsfont
s/cm/cmmi8.pfb></usr/share/texlive/texmf-dist/fonts/type1/public/amsfonts/cm/cm
r12.pfb></usr/share/texlive/texmf-dist/fonts/type1/public/amsfonts/cm/cmr8.pfb>
</usr/share/texlive/texmf-dist/fonts/type1/public/amsfonts/cm/cmsy10.pfb></usr/
share/texlive/texmf-dist/fonts/type1/public/amsfonts/cm/cmsy8.pfb></usr/share/t
exlive/texmf-dist/fonts/type1/urw/times/utmr8a.pfb>
Output written on b4w_tmp.pdf (186 pages, 18098191 bytes).
PDF statistics:
 2744 PDF objects out of 2984 (max. 8388607)
 2044 compressed objects within 21 object streams
 602 named destinations out of 1000 (max. 500000)
 1829 words of extra memory for PDF output out of 10000 (max. 10000000)

