\BOOKMARK [0][-]{chapter.1}{Overview}{}
\BOOKMARK [1][-]{section.1.1}{What's Blend4Web}{chapter.1}
\BOOKMARK [1][-]{section.1.2}{About Engines}{chapter.1}
\BOOKMARK [1][-]{section.1.3}{Graphics Engine, Game Engine}{chapter.1}
\BOOKMARK [1][-]{section.1.4}{What's WebGL}{chapter.1}
\BOOKMARK [1][-]{section.1.5}{WebGL Browsers Support}{chapter.1}
\BOOKMARK [1][-]{section.1.6}{Advantages of WebGL}{chapter.1}
\BOOKMARK [1][-]{section.1.7}{What's Blender}{chapter.1}
\BOOKMARK [1][-]{section.1.8}{3D Modeling}{chapter.1}
\BOOKMARK [1][-]{section.1.9}{Browser Technologies}{chapter.1}
\BOOKMARK [1][-]{section.1.10}{Interactive Graphics}{chapter.1}
\BOOKMARK [1][-]{section.1.11}{Video Cards and Drivers}{chapter.1}
\BOOKMARK [1][-]{section.1.12}{Examples of Using 3D Web Technologies}{chapter.1}
\BOOKMARK [0][-]{chapter.2}{The Engine Features}{}
\BOOKMARK [1][-]{section.2.1}{Texturing}{chapter.2}
\BOOKMARK [1][-]{section.2.2}{Materials}{chapter.2}
\BOOKMARK [1][-]{section.2.3}{Lighting}{chapter.2}
\BOOKMARK [1][-]{section.2.4}{Shadows}{chapter.2}
\BOOKMARK [1][-]{section.2.5}{Particle System}{chapter.2}
\BOOKMARK [1][-]{section.2.6}{External Scenes Rendering}{chapter.2}
\BOOKMARK [1][-]{section.2.7}{Postprocessing Effects}{chapter.2}
\BOOKMARK [1][-]{section.2.8}{Animation}{chapter.2}
\BOOKMARK [1][-]{section.2.9}{Optimization}{chapter.2}
\BOOKMARK [1][-]{section.2.10}{Audio}{chapter.2}
\BOOKMARK [1][-]{section.2.11}{Physics}{chapter.2}
\BOOKMARK [1][-]{section.2.12}{Event-Driven Model}{chapter.2}
\BOOKMARK [1][-]{section.2.13}{Other}{chapter.2}
\BOOKMARK [0][-]{chapter.3}{Quick Install}{}
\BOOKMARK [1][-]{section.3.1}{Installing Blender}{chapter.3}
\BOOKMARK [1][-]{section.3.2}{The Engine Addon Install}{chapter.3}
\BOOKMARK [1][-]{section.3.3}{Exporting and Viewing Scenes}{chapter.3}
\BOOKMARK [0][-]{chapter.4}{Development Environment Setup}{}
\BOOKMARK [1][-]{section.4.1}{Distribution Installation}{chapter.4}
\BOOKMARK [1][-]{section.4.2}{Browser Setup}{chapter.4}
\BOOKMARK [1][-]{section.4.3}{Running The Scenes Viewer}{chapter.4}
\BOOKMARK [1][-]{section.4.4}{Engine Addon Installation}{chapter.4}
\BOOKMARK [0][-]{chapter.5}{Workflow}{}
\BOOKMARK [1][-]{section.5.1}{Preparing the Scenes}{chapter.5}
\BOOKMARK [1][-]{section.5.2}{Exporting Scenes}{chapter.5}
\BOOKMARK [1][-]{section.5.3}{Displaying Scenes in the Viewer}{chapter.5}
\BOOKMARK [1][-]{section.5.4}{Application Development}{chapter.5}
\BOOKMARK [0][-]{chapter.6}{Scene Viewer}{}
\BOOKMARK [1][-]{section.6.1}{Navigation}{chapter.6}
\BOOKMARK [1][-]{section.6.2}{The Side Panel}{chapter.6}
\BOOKMARK [1][-]{section.6.3}{Indicators}{chapter.6}
\BOOKMARK [0][-]{chapter.7}{The Addon}{}
\BOOKMARK [1][-]{section.7.1}{Initialization Errors}{chapter.7}
\BOOKMARK [1][-]{section.7.2}{Export Errors}{chapter.7}
\BOOKMARK [0][-]{chapter.8}{Objects}{}
\BOOKMARK [1][-]{section.8.1}{Types}{chapter.8}
\BOOKMARK [1][-]{section.8.2}{Settings}{chapter.8}
\BOOKMARK [1][-]{section.8.3}{Camera}{chapter.8}
\BOOKMARK [0][-]{chapter.9}{Textures}{}
\BOOKMARK [1][-]{section.9.1}{Texture types}{chapter.9}
\BOOKMARK [1][-]{section.9.2}{Generic Settings}{chapter.9}
\BOOKMARK [1][-]{section.9.3}{Diffuse map}{chapter.9}
\BOOKMARK [1][-]{section.9.4}{Specular map}{chapter.9}
\BOOKMARK [1][-]{section.9.5}{Normal map}{chapter.9}
\BOOKMARK [1][-]{section.9.6}{Height map. Parallax mapping}{chapter.9}
\BOOKMARK [1][-]{section.9.7}{Alpha map}{chapter.9}
\BOOKMARK [1][-]{section.9.8}{Stencil map}{chapter.9}
\BOOKMARK [1][-]{section.9.9}{Environment map}{chapter.9}
\BOOKMARK [1][-]{section.9.10}{Mirror map}{chapter.9}
\BOOKMARK [1][-]{section.9.11}{Skydome}{chapter.9}
\BOOKMARK [1][-]{section.9.12}{Render-to-texture, RTT}{chapter.9}
\BOOKMARK [0][-]{chapter.10}{Materials}{}
\BOOKMARK [1][-]{section.10.1}{Lighting parameters}{chapter.10}
\BOOKMARK [1][-]{section.10.2}{Transparency}{chapter.10}
\BOOKMARK [1][-]{section.10.3}{Reflection}{chapter.10}
\BOOKMARK [1][-]{section.10.4}{Parameters specific to the engine}{chapter.10}
\BOOKMARK [1][-]{section.10.5}{Halo materials}{chapter.10}
\BOOKMARK [0][-]{chapter.11}{Node materials}{}
\BOOKMARK [1][-]{section.11.1}{Standard nodes}{chapter.11}
\BOOKMARK [1][-]{section.11.2}{Special nodes}{chapter.11}
\BOOKMARK [0][-]{chapter.12}{Lighting and shadows}{}
\BOOKMARK [1][-]{section.12.1}{Illumination by light sources}{chapter.12}
\BOOKMARK [1][-]{section.12.2}{Ambient lighting}{chapter.12}
\BOOKMARK [1][-]{section.12.3}{Shadows}{chapter.12}
\BOOKMARK [0][-]{chapter.13}{Postprocessing effects}{}
\BOOKMARK [1][-]{section.13.1}{Motion blur}{chapter.13}
\BOOKMARK [1][-]{section.13.2}{Depth of field}{chapter.13}
\BOOKMARK [1][-]{section.13.3}{Screen-space ambient occlusion}{chapter.13}
\BOOKMARK [1][-]{section.13.4}{God rays}{chapter.13}
\BOOKMARK [1][-]{section.13.5}{Bloom}{chapter.13}
\BOOKMARK [1][-]{section.13.6}{Glow}{chapter.13}
\BOOKMARK [1][-]{section.13.7}{Stereoscopic rendering \(anaglyph\)}{chapter.13}
\BOOKMARK [1][-]{section.13.8}{Color correction}{chapter.13}
\BOOKMARK [1][-]{section.13.9}{Anti-aliasing}{chapter.13}
\BOOKMARK [0][-]{chapter.14}{Particle system}{}
\BOOKMARK [1][-]{section.14.1}{Use}{chapter.14}
\BOOKMARK [1][-]{section.14.2}{Setup}{chapter.14}
\BOOKMARK [1][-]{section.14.3}{Textures in particle systems}{chapter.14}
\BOOKMARK [0][-]{chapter.15}{Particle system for object instancing}{}
\BOOKMARK [1][-]{section.15.1}{Particle system setup}{chapter.15}
\BOOKMARK [1][-]{section.15.2}{Grass}{chapter.15}
\BOOKMARK [1][-]{section.15.3}{Tree leaves}{chapter.15}
\BOOKMARK [0][-]{chapter.16}{Animation}{}
\BOOKMARK [1][-]{section.16.1}{Animation control}{chapter.16}
\BOOKMARK [1][-]{section.16.2}{Object animation}{chapter.16}
\BOOKMARK [1][-]{section.16.3}{Skinning and skeletal animation}{chapter.16}
\BOOKMARK [1][-]{section.16.4}{Vertex animation}{chapter.16}
\BOOKMARK [1][-]{section.16.5}{Audio source parametrization}{chapter.16}
\BOOKMARK [0][-]{chapter.17}{Outdoor Rendering}{}
\BOOKMARK [1][-]{section.17.1}{Water}{chapter.17}
\BOOKMARK [1][-]{section.17.2}{Atmosphere}{chapter.17}
\BOOKMARK [1][-]{section.17.3}{Wind}{chapter.17}
\BOOKMARK [0][-]{chapter.18}{Gamma-correction and transparency}{}
\BOOKMARK [1][-]{section.18.1}{ }{chapter.18}
\BOOKMARK [1][-]{section.18.2}{ , -}{chapter.18}
\BOOKMARK [1][-]{section.18.3}{}{chapter.18}
\BOOKMARK [1][-]{section.18.4}{ \040 }{chapter.18}
\BOOKMARK [1][-]{section.18.5}{-}{chapter.18}
\BOOKMARK [0][-]{chapter.19}{ }{}
\BOOKMARK [1][-]{section.19.1}{ \040}{chapter.19}
\BOOKMARK [1][-]{section.19.2}{ \040}{chapter.19}
\BOOKMARK [0][-]{chapter.20}{ }{}
\BOOKMARK [1][-]{section.20.1}{}{chapter.20}
\BOOKMARK [0][-]{chapter.21}{}{}
\BOOKMARK [1][-]{section.21.1}{ \040}{chapter.21}
\BOOKMARK [1][-]{section.21.2}{ }{chapter.21}
\BOOKMARK [1][-]{section.21.3}{ }{chapter.21}
\BOOKMARK [1][-]{section.21.4}{ \(Constraints\)}{chapter.21}
\BOOKMARK [1][-]{section.21.5}{ \040}{chapter.21}
\BOOKMARK [1][-]{section.21.6}{ }{chapter.21}
\BOOKMARK [1][-]{section.21.7}{ \040}{chapter.21}
\BOOKMARK [0][-]{chapter.22}{ \040}{}
\BOOKMARK [1][-]{section.22.1}{ }{chapter.22}
\BOOKMARK [0][-]{chapter.23}{ \040}{}
\BOOKMARK [1][-]{section.23.1}{ WebGL}{chapter.23}
\BOOKMARK [1][-]{section.23.2}{ \040 \040 }{chapter.23}
\BOOKMARK [1][-]{section.23.3}{ \040web-}{chapter.23}
\BOOKMARK [1][-]{section.23.4}{ \040 }{chapter.23}
\BOOKMARK [0][-]{chapter.24}{}{}
\BOOKMARK [1][-]{section.24.1}{ }{chapter.24}
\BOOKMARK [1][-]{section.24.2}{ \040 }{chapter.24}
\BOOKMARK [1][-]{section.24.3}{ }{chapter.24}
\BOOKMARK [1][-]{section.24.4}{ \040}{chapter.24}
\BOOKMARK [1][-]{section.24.5}{}{chapter.24}
\BOOKMARK [1][-]{section.24.6}{ \040}{chapter.24}
\BOOKMARK [1][-]{section.24.7}{ \040 \(, , \)}{chapter.24}
\BOOKMARK [1][-]{section.24.8}{}{chapter.24}
\BOOKMARK [1][-]{section.24.9}{}{chapter.24}
\BOOKMARK [1][-]{section.24.10}{ \040}{chapter.24}
\BOOKMARK [1][-]{section.24.11}{}{chapter.24}
\BOOKMARK [0][-]{chapter.25}{ \040 git}{}
\BOOKMARK [1][-]{section.25.1}{}{chapter.25}
\BOOKMARK [1][-]{section.25.2}{ \040}{chapter.25}
\BOOKMARK [1][-]{section.25.3}{ }{chapter.25}
\BOOKMARK [1][-]{section.25.4}{ - \040}{chapter.25}
\BOOKMARK [1][-]{section.25.5}{ - \040 }{chapter.25}
\BOOKMARK [1][-]{section.25.6}{ - \040 \040 \040}{chapter.25}
\BOOKMARK [1][-]{section.25.7}{ - }{chapter.25}
\BOOKMARK [1][-]{section.25.8}{ - \040 }{chapter.25}
\BOOKMARK [1][-]{section.25.9}{ \040 \040}{chapter.25}
\BOOKMARK [1][-]{section.25.10}{ \040}{chapter.25}
\BOOKMARK [0][-]{chapter.26}{ }{}
\BOOKMARK [1][-]{section.26.1}{ }{chapter.26}
\BOOKMARK [1][-]{section.26.2}{ }{chapter.26}
\BOOKMARK [0][-]{section*.30}{Index}{}
